\BOOKMARK [1][-]{section.1}{Introduction}{}% 1
\BOOKMARK [1][-]{section.2}{Preliminaries}{}% 2
\BOOKMARK [2][-]{subsection.2.1}{Notation}{section.2}% 3
\BOOKMARK [2][-]{subsection.2.2}{System description}{section.2}% 4
\BOOKMARK [1][-]{section.3}{Junction model}{}% 5
\BOOKMARK [2][-]{subsection.3.1}{Junction models and solvers}{section.3}% 6
\BOOKMARK [3][-]{subsubsection.3.1.1}{Diverge solver}{subsection.3.1}% 7
\BOOKMARK [3][-]{subsubsection.3.1.2}{Merge solver}{subsection.3.1}% 8
\BOOKMARK [3][-]{subsubsection.3.1.3}{Merge and diverge solver with n m \(Flow Maximizing Model\)}{subsection.3.1}% 9
\BOOKMARK [3][-]{subsubsection.3.1.4}{Merge and diverge solver with n m \(Soft Priority Model\)}{subsection.3.1}% 10
\BOOKMARK [3][-]{subsubsection.3.1.5}{Merge and diverge solver with n > m}{subsection.3.1}% 11
\BOOKMARK [3][-]{subsubsection.3.1.6}{Merge and diverge solver with n m \(Exact Priority Model\)}{subsection.3.1}% 12
\BOOKMARK [2][-]{subsection.3.2}{Junction model and solver used in the optimization problem}{section.3}% 13
\BOOKMARK [1][-]{section.4}{Boundary conditions}{}% 14
\BOOKMARK [2][-]{subsection.4.1}{Boundary source buffer for multiple commodities}{section.4}% 15
\BOOKMARK [3][-]{subsubsection.4.1.1}{Single buffer model}{subsection.4.1}% 16
\BOOKMARK [2][-]{subsection.4.2}{Multi buffer model}{section.4}% 17
\BOOKMARK [1][-]{section.5}{Optimization problem}{}% 18
\BOOKMARK [2][-]{subsection.5.1}{Optimization problem formulation}{section.5}% 19
\BOOKMARK [2][-]{subsection.5.2}{Regularization}{section.5}% 20
\BOOKMARK [2][-]{subsection.5.3}{Gradient decent}{section.5}% 21
\BOOKMARK [1][-]{section.6}{Forward simulation}{}% 22
\BOOKMARK [1][-]{section.7}{Adjoint system}{}% 23
\BOOKMARK [2][-]{subsection.7.1}{Adjoint method in highway control}{section.7}% 24
\BOOKMARK [2][-]{subsection.7.2}{How to use the adjoint method}{section.7}% 25
\BOOKMARK [2][-]{subsection.7.3}{Adjoint formulation of the flow reroute problem}{section.7}% 26
\BOOKMARK [1][-]{section.8}{Implementation}{}% 27
\BOOKMARK [1][-]{section.9}{Results}{}% 28
